<?xml version="1.0" encoding="UTF-8"?>
<testsuite xmlns:xsi="http://www.w3.org/2001/XMLSchema-instance" xsi:noNamespaceSchemaLocation="https://maven.apache.org/surefire/maven-surefire-plugin/xsd/surefire-test-report-3.0.xsd" version="3.0" name="in.jvahome.lambdaFunction.AppTest" time="0.036" tests="1" errors="0" skipped="0" failures="0">
  <properties>
    <property name="java.specification.version" value="14"/>
    <property name="sun.cpu.isalist" value="amd64"/>
    <property name="sun.jnu.encoding" value="Cp1252"/>
    <property name="java.class.path" value="G:\Tutorials Notes\Java\NewWorkSpace_HP\lambdaFunction\target\test-classes;G:\Tutorials Notes\Java\NewWorkSpace_HP\lambdaFunction\target\classes;C:\Users\Gagan Shrivastava\.m2\repository\org\junit\jupiter\junit-jupiter-engine\5.7.1\junit-jupiter-engine-5.7.1.jar;C:\Users\Gagan Shrivastava\.m2\repository\org\apiguardian\apiguardian-api\1.1.0\apiguardian-api-1.1.0.jar;C:\Users\Gagan Shrivastava\.m2\repository\org\junit\platform\junit-platform-engine\1.7.1\junit-platform-engine-1.7.1.jar;C:\Users\Gagan Shrivastava\.m2\repository\org\opentest4j\opentest4j\1.2.0\opentest4j-1.2.0.jar;C:\Users\Gagan Shrivastava\.m2\repository\org\junit\platform\junit-platform-commons\1.7.1\junit-platform-commons-1.7.1.jar;C:\Users\Gagan Shrivastava\.m2\repository\org\junit\jupiter\junit-jupiter-api\5.7.1\junit-jupiter-api-5.7.1.jar;C:\Users\Gagan Shrivastava\.m2\repository\org\junit\jupiter\junit-jupiter-params\5.7.1\junit-jupiter-params-5.7.1.jar;C:\Users\Gagan Shrivastava\.m2\repository\com\aspose\aspose-words\21.3\aspose-words-21.3-jdk17.jar;C:\Users\Gagan Shrivastava\.m2\repository\com\aspose\aspose-words\21.3\aspose-words-21.3-shaping-harfbuzz-plugin.jar;C:\Users\Gagan Shrivastava\.m2\repository\org\jogamp\jogl\jogl-all-main\2.3.2\jogl-all-main-2.3.2.jar;C:\Users\Gagan Shrivastava\.m2\repository\org\jogamp\jogl\jogl-all\2.3.2\jogl-all-2.3.2.jar;C:\Users\Gagan Shrivastava\.m2\repository\org\jogamp\jogl\jogl-all\2.3.2\jogl-all-2.3.2-natives-android-aarch64.jar;C:\Users\Gagan Shrivastava\.m2\repository\org\jogamp\jogl\jogl-all\2.3.2\jogl-all-2.3.2-natives-android-armv6.jar;C:\Users\Gagan Shrivastava\.m2\repository\org\jogamp\jogl\jogl-all\2.3.2\jogl-all-2.3.2-natives-linux-amd64.jar;C:\Users\Gagan Shrivastava\.m2\repository\org\jogamp\jogl\jogl-all\2.3.2\jogl-all-2.3.2-natives-linux-armv6.jar;C:\Users\Gagan Shrivastava\.m2\repository\org\jogamp\jogl\jogl-all\2.3.2\jogl-all-2.3.2-natives-linux-armv6hf.jar;C:\Users\Gagan Shrivastava\.m2\repository\org\jogamp\jogl\jogl-all\2.3.2\jogl-all-2.3.2-natives-linux-i586.jar;C:\Users\Gagan Shrivastava\.m2\repository\org\jogamp\jogl\jogl-all\2.3.2\jogl-all-2.3.2-natives-macosx-universal.jar;C:\Users\Gagan Shrivastava\.m2\repository\org\jogamp\jogl\jogl-all\2.3.2\jogl-all-2.3.2-natives-solaris-amd64.jar;C:\Users\Gagan Shrivastava\.m2\repository\org\jogamp\jogl\jogl-all\2.3.2\jogl-all-2.3.2-natives-solaris-i586.jar;C:\Users\Gagan Shrivastava\.m2\repository\org\jogamp\jogl\jogl-all\2.3.2\jogl-all-2.3.2-natives-windows-amd64.jar;C:\Users\Gagan Shrivastava\.m2\repository\org\jogamp\jogl\jogl-all\2.3.2\jogl-all-2.3.2-natives-windows-i586.jar;C:\Users\Gagan Shrivastava\.m2\repository\org\jogamp\gluegen\gluegen-rt-main\2.3.2\gluegen-rt-main-2.3.2.jar;C:\Users\Gagan Shrivastava\.m2\repository\org\jogamp\gluegen\gluegen-rt\2.3.2\gluegen-rt-2.3.2.jar;C:\Users\Gagan Shrivastava\.m2\repository\org\jogamp\gluegen\gluegen-rt\2.3.2\gluegen-rt-2.3.2-natives-android-aarch64.jar;C:\Users\Gagan Shrivastava\.m2\repository\org\jogamp\gluegen\gluegen-rt\2.3.2\gluegen-rt-2.3.2-natives-android-armv6.jar;C:\Users\Gagan Shrivastava\.m2\repository\org\jogamp\gluegen\gluegen-rt\2.3.2\gluegen-rt-2.3.2-natives-linux-amd64.jar;C:\Users\Gagan Shrivastava\.m2\repository\org\jogamp\gluegen\gluegen-rt\2.3.2\gluegen-rt-2.3.2-natives-linux-armv6.jar;C:\Users\Gagan Shrivastava\.m2\repository\org\jogamp\gluegen\gluegen-rt\2.3.2\gluegen-rt-2.3.2-natives-linux-armv6hf.jar;C:\Users\Gagan Shrivastava\.m2\repository\org\jogamp\gluegen\gluegen-rt\2.3.2\gluegen-rt-2.3.2-natives-linux-i586.jar;C:\Users\Gagan Shrivastava\.m2\repository\org\jogamp\gluegen\gluegen-rt\2.3.2\gluegen-rt-2.3.2-natives-macosx-universal.jar;C:\Users\Gagan Shrivastava\.m2\repository\org\jogamp\gluegen\gluegen-rt\2.3.2\gluegen-rt-2.3.2-natives-solaris-amd64.jar;C:\Users\Gagan Shrivastava\.m2\repository\org\jogamp\gluegen\gluegen-rt\2.3.2\gluegen-rt-2.3.2-natives-solaris-i586.jar;C:\Users\Gagan Shrivastava\.m2\repository\org\jogamp\gluegen\gluegen-rt\2.3.2\gluegen-rt-2.3.2-natives-windows-amd64.jar;C:\Users\Gagan Shrivastava\.m2\repository\org\jogamp\gluegen\gluegen-rt\2.3.2\gluegen-rt-2.3.2-natives-windows-i586.jar;C:\Users\Gagan Shrivastava\.m2\repository\com\aspose\aspose-words\21.3\aspose-words-21.3-javadoc.jar;C:\Users\Gagan Shrivastava\.m2\repository\com\amazonaws\aws-java-sdk-s3\1.11.327\aws-java-sdk-s3-1.11.327.jar;C:\Users\Gagan Shrivastava\.m2\repository\com\amazonaws\aws-java-sdk-kms\1.11.327\aws-java-sdk-kms-1.11.327.jar;C:\Users\Gagan Shrivastava\.m2\repository\com\amazonaws\aws-java-sdk-core\1.11.327\aws-java-sdk-core-1.11.327.jar;C:\Users\Gagan Shrivastava\.m2\repository\commons-logging\commons-logging\1.1.3\commons-logging-1.1.3.jar;C:\Users\Gagan Shrivastava\.m2\repository\org\apache\httpcomponents\httpclient\4.5.5\httpclient-4.5.5.jar;C:\Users\Gagan Shrivastava\.m2\repository\org\apache\httpcomponents\httpcore\4.4.9\httpcore-4.4.9.jar;C:\Users\Gagan Shrivastava\.m2\repository\commons-codec\commons-codec\1.10\commons-codec-1.10.jar;C:\Users\Gagan Shrivastava\.m2\repository\software\amazon\ion\ion-java\1.0.2\ion-java-1.0.2.jar;C:\Users\Gagan Shrivastava\.m2\repository\com\fasterxml\jackson\core\jackson-databind\2.6.7.1\jackson-databind-2.6.7.1.jar;C:\Users\Gagan Shrivastava\.m2\repository\com\fasterxml\jackson\core\jackson-annotations\2.6.0\jackson-annotations-2.6.0.jar;C:\Users\Gagan Shrivastava\.m2\repository\com\fasterxml\jackson\core\jackson-core\2.6.7\jackson-core-2.6.7.jar;C:\Users\Gagan Shrivastava\.m2\repository\com\fasterxml\jackson\dataformat\jackson-dataformat-cbor\2.6.7\jackson-dataformat-cbor-2.6.7.jar;C:\Users\Gagan Shrivastava\.m2\repository\com\amazonaws\jmespath-java\1.11.327\jmespath-java-1.11.327.jar;C:\Users\Gagan Shrivastava\.m2\repository\com\amazonaws\aws-lambda-java-core\1.2.1\aws-lambda-java-core-1.2.1.jar;C:\Users\Gagan Shrivastava\.m2\repository\com\amazonaws\aws-lambda-java-events\3.8.0\aws-lambda-java-events-3.8.0.jar;C:\Users\Gagan Shrivastava\.m2\repository\joda-time\joda-time\2.6\joda-time-2.6.jar;C:\Users\Gagan Shrivastava\.m2\repository\com\googlecode\json-simple\json-simple\1.1.1\json-simple-1.1.1.jar;C:\Users\Gagan Shrivastava\.m2\repository\junit\junit\4.10\junit-4.10.jar;C:\Users\Gagan Shrivastava\.m2\repository\org\hamcrest\hamcrest-core\1.1\hamcrest-core-1.1.jar;C:\Users\Gagan Shrivastava\.m2\repository\com\google\code\gson\gson\2.8.4\gson-2.8.4.jar;"/>
    <property name="java.vm.vendor" value="Oracle Corporation"/>
    <property name="sun.arch.data.model" value="64"/>
    <property name="user.variant" value=""/>
    <property name="java.vendor.url" value="https://java.oracle.com/"/>
    <property name="user.timezone" value="America/New_York"/>
    <property name="os.name" value="Windows 10"/>
    <property name="java.vm.specification.version" value="14"/>
    <property name="sun.java.launcher" value="SUN_STANDARD"/>
    <property name="user.country" value="US"/>
    <property name="sun.boot.library.path" value="C:\Users\Gagan Shrivastava\.p2\pool\plugins\org.eclipse.justj.openjdk.hotspot.jre.full.win32.x86_64_14.0.2.v20200815-0932\jre\bin"/>
    <property name="sun.java.command" value="C:\Users\Gagan Shrivastava\AppData\Local\Temp\surefire6535502987608455058\surefirebooter14844536296371317808.jar C:\Users\Gagan Shrivastava\AppData\Local\Temp\surefire6535502987608455058 2021-04-30T11-13-44_233-jvmRun1 surefire11034771552610842545tmp surefire_014594077488954809249tmp"/>
    <property name="jdk.debug" value="release"/>
    <property name="surefire.test.class.path" value="G:\Tutorials Notes\Java\NewWorkSpace_HP\lambdaFunction\target\test-classes;G:\Tutorials Notes\Java\NewWorkSpace_HP\lambdaFunction\target\classes;C:\Users\Gagan Shrivastava\.m2\repository\org\junit\jupiter\junit-jupiter-engine\5.7.1\junit-jupiter-engine-5.7.1.jar;C:\Users\Gagan Shrivastava\.m2\repository\org\apiguardian\apiguardian-api\1.1.0\apiguardian-api-1.1.0.jar;C:\Users\Gagan Shrivastava\.m2\repository\org\junit\platform\junit-platform-engine\1.7.1\junit-platform-engine-1.7.1.jar;C:\Users\Gagan Shrivastava\.m2\repository\org\opentest4j\opentest4j\1.2.0\opentest4j-1.2.0.jar;C:\Users\Gagan Shrivastava\.m2\repository\org\junit\platform\junit-platform-commons\1.7.1\junit-platform-commons-1.7.1.jar;C:\Users\Gagan Shrivastava\.m2\repository\org\junit\jupiter\junit-jupiter-api\5.7.1\junit-jupiter-api-5.7.1.jar;C:\Users\Gagan Shrivastava\.m2\repository\org\junit\jupiter\junit-jupiter-params\5.7.1\junit-jupiter-params-5.7.1.jar;C:\Users\Gagan Shrivastava\.m2\repository\com\aspose\aspose-words\21.3\aspose-words-21.3-jdk17.jar;C:\Users\Gagan Shrivastava\.m2\repository\com\aspose\aspose-words\21.3\aspose-words-21.3-shaping-harfbuzz-plugin.jar;C:\Users\Gagan Shrivastava\.m2\repository\org\jogamp\jogl\jogl-all-main\2.3.2\jogl-all-main-2.3.2.jar;C:\Users\Gagan Shrivastava\.m2\repository\org\jogamp\jogl\jogl-all\2.3.2\jogl-all-2.3.2.jar;C:\Users\Gagan Shrivastava\.m2\repository\org\jogamp\jogl\jogl-all\2.3.2\jogl-all-2.3.2-natives-android-aarch64.jar;C:\Users\Gagan Shrivastava\.m2\repository\org\jogamp\jogl\jogl-all\2.3.2\jogl-all-2.3.2-natives-android-armv6.jar;C:\Users\Gagan Shrivastava\.m2\repository\org\jogamp\jogl\jogl-all\2.3.2\jogl-all-2.3.2-natives-linux-amd64.jar;C:\Users\Gagan Shrivastava\.m2\repository\org\jogamp\jogl\jogl-all\2.3.2\jogl-all-2.3.2-natives-linux-armv6.jar;C:\Users\Gagan Shrivastava\.m2\repository\org\jogamp\jogl\jogl-all\2.3.2\jogl-all-2.3.2-natives-linux-armv6hf.jar;C:\Users\Gagan Shrivastava\.m2\repository\org\jogamp\jogl\jogl-all\2.3.2\jogl-all-2.3.2-natives-linux-i586.jar;C:\Users\Gagan Shrivastava\.m2\repository\org\jogamp\jogl\jogl-all\2.3.2\jogl-all-2.3.2-natives-macosx-universal.jar;C:\Users\Gagan Shrivastava\.m2\repository\org\jogamp\jogl\jogl-all\2.3.2\jogl-all-2.3.2-natives-solaris-amd64.jar;C:\Users\Gagan Shrivastava\.m2\repository\org\jogamp\jogl\jogl-all\2.3.2\jogl-all-2.3.2-natives-solaris-i586.jar;C:\Users\Gagan Shrivastava\.m2\repository\org\jogamp\jogl\jogl-all\2.3.2\jogl-all-2.3.2-natives-windows-amd64.jar;C:\Users\Gagan Shrivastava\.m2\repository\org\jogamp\jogl\jogl-all\2.3.2\jogl-all-2.3.2-natives-windows-i586.jar;C:\Users\Gagan Shrivastava\.m2\repository\org\jogamp\gluegen\gluegen-rt-main\2.3.2\gluegen-rt-main-2.3.2.jar;C:\Users\Gagan Shrivastava\.m2\repository\org\jogamp\gluegen\gluegen-rt\2.3.2\gluegen-rt-2.3.2.jar;C:\Users\Gagan Shrivastava\.m2\repository\org\jogamp\gluegen\gluegen-rt\2.3.2\gluegen-rt-2.3.2-natives-android-aarch64.jar;C:\Users\Gagan Shrivastava\.m2\repository\org\jogamp\gluegen\gluegen-rt\2.3.2\gluegen-rt-2.3.2-natives-android-armv6.jar;C:\Users\Gagan Shrivastava\.m2\repository\org\jogamp\gluegen\gluegen-rt\2.3.2\gluegen-rt-2.3.2-natives-linux-amd64.jar;C:\Users\Gagan Shrivastava\.m2\repository\org\jogamp\gluegen\gluegen-rt\2.3.2\gluegen-rt-2.3.2-natives-linux-armv6.jar;C:\Users\Gagan Shrivastava\.m2\repository\org\jogamp\gluegen\gluegen-rt\2.3.2\gluegen-rt-2.3.2-natives-linux-armv6hf.jar;C:\Users\Gagan Shrivastava\.m2\repository\org\jogamp\gluegen\gluegen-rt\2.3.2\gluegen-rt-2.3.2-natives-linux-i586.jar;C:\Users\Gagan Shrivastava\.m2\repository\org\jogamp\gluegen\gluegen-rt\2.3.2\gluegen-rt-2.3.2-natives-macosx-universal.jar;C:\Users\Gagan Shrivastava\.m2\repository\org\jogamp\gluegen\gluegen-rt\2.3.2\gluegen-rt-2.3.2-natives-solaris-amd64.jar;C:\Users\Gagan Shrivastava\.m2\repository\org\jogamp\gluegen\gluegen-rt\2.3.2\gluegen-rt-2.3.2-natives-solaris-i586.jar;C:\Users\Gagan Shrivastava\.m2\repository\org\jogamp\gluegen\gluegen-rt\2.3.2\gluegen-rt-2.3.2-natives-windows-amd64.jar;C:\Users\Gagan Shrivastava\.m2\repository\org\jogamp\gluegen\gluegen-rt\2.3.2\gluegen-rt-2.3.2-natives-windows-i586.jar;C:\Users\Gagan Shrivastava\.m2\repository\com\aspose\aspose-words\21.3\aspose-words-21.3-javadoc.jar;C:\Users\Gagan Shrivastava\.m2\repository\com\amazonaws\aws-java-sdk-s3\1.11.327\aws-java-sdk-s3-1.11.327.jar;C:\Users\Gagan Shrivastava\.m2\repository\com\amazonaws\aws-java-sdk-kms\1.11.327\aws-java-sdk-kms-1.11.327.jar;C:\Users\Gagan Shrivastava\.m2\repository\com\amazonaws\aws-java-sdk-core\1.11.327\aws-java-sdk-core-1.11.327.jar;C:\Users\Gagan Shrivastava\.m2\repository\commons-logging\commons-logging\1.1.3\commons-logging-1.1.3.jar;C:\Users\Gagan Shrivastava\.m2\repository\org\apache\httpcomponents\httpclient\4.5.5\httpclient-4.5.5.jar;C:\Users\Gagan Shrivastava\.m2\repository\org\apache\httpcomponents\httpcore\4.4.9\httpcore-4.4.9.jar;C:\Users\Gagan Shrivastava\.m2\repository\commons-codec\commons-codec\1.10\commons-codec-1.10.jar;C:\Users\Gagan Shrivastava\.m2\repository\software\amazon\ion\ion-java\1.0.2\ion-java-1.0.2.jar;C:\Users\Gagan Shrivastava\.m2\repository\com\fasterxml\jackson\core\jackson-databind\2.6.7.1\jackson-databind-2.6.7.1.jar;C:\Users\Gagan Shrivastava\.m2\repository\com\fasterxml\jackson\core\jackson-annotations\2.6.0\jackson-annotations-2.6.0.jar;C:\Users\Gagan Shrivastava\.m2\repository\com\fasterxml\jackson\core\jackson-core\2.6.7\jackson-core-2.6.7.jar;C:\Users\Gagan Shrivastava\.m2\repository\com\fasterxml\jackson\dataformat\jackson-dataformat-cbor\2.6.7\jackson-dataformat-cbor-2.6.7.jar;C:\Users\Gagan Shrivastava\.m2\repository\com\amazonaws\jmespath-java\1.11.327\jmespath-java-1.11.327.jar;C:\Users\Gagan Shrivastava\.m2\repository\com\amazonaws\aws-lambda-java-core\1.2.1\aws-lambda-java-core-1.2.1.jar;C:\Users\Gagan Shrivastava\.m2\repository\com\amazonaws\aws-lambda-java-events\3.8.0\aws-lambda-java-events-3.8.0.jar;C:\Users\Gagan Shrivastava\.m2\repository\joda-time\joda-time\2.6\joda-time-2.6.jar;C:\Users\Gagan Shrivastava\.m2\repository\com\googlecode\json-simple\json-simple\1.1.1\json-simple-1.1.1.jar;C:\Users\Gagan Shrivastava\.m2\repository\junit\junit\4.10\junit-4.10.jar;C:\Users\Gagan Shrivastava\.m2\repository\org\hamcrest\hamcrest-core\1.1\hamcrest-core-1.1.jar;C:\Users\Gagan Shrivastava\.m2\repository\com\google\code\gson\gson\2.8.4\gson-2.8.4.jar;"/>
    <property name="sun.cpu.endian" value="little"/>
    <property name="user.home" value="C:\Users\Gagan Shrivastava"/>
    <property name="user.language" value="en"/>
    <property name="java.specification.vendor" value="Oracle Corporation"/>
    <property name="java.version.date" value="2020-07-14"/>
    <property name="java.home" value="C:\Users\Gagan Shrivastava\.p2\pool\plugins\org.eclipse.justj.openjdk.hotspot.jre.full.win32.x86_64_14.0.2.v20200815-0932\jre"/>
    <property name="file.separator" value="\"/>
    <property name="basedir" value="G:\Tutorials Notes\Java\NewWorkSpace_HP\lambdaFunction"/>
    <property name="java.vm.compressedOopsMode" value="Zero based"/>
    <property name="line.separator" value="&#10;"/>
    <property name="java.vm.specification.vendor" value="Oracle Corporation"/>
    <property name="java.specification.name" value="Java Platform API Specification"/>
    <property name="surefire.real.class.path" value="C:\Users\Gagan Shrivastava\AppData\Local\Temp\surefire6535502987608455058\surefirebooter14844536296371317808.jar"/>
    <property name="user.script" value=""/>
    <property name="sun.management.compiler" value="HotSpot 64-Bit Tiered Compilers"/>
    <property name="java.runtime.version" value="14.0.2+12-46"/>
    <property name="user.name" value="Gagan Shrivastava"/>
    <property name="path.separator" value=";"/>
    <property name="os.version" value="10.0"/>
    <property name="java.runtime.name" value="OpenJDK Runtime Environment"/>
    <property name="file.encoding" value="Cp1252"/>
    <property name="java.vm.name" value="OpenJDK 64-Bit Server VM"/>
    <property name="localRepository" value="C:\Users\Gagan Shrivastava\.m2\repository"/>
    <property name="java.vendor.url.bug" value="https://bugreport.java.com/bugreport/"/>
    <property name="java.io.tmpdir" value="C:\Users\GAGANS~1\AppData\Local\Temp\"/>
    <property name="java.version" value="14.0.2"/>
    <property name="user.dir" value="G:\Tutorials Notes\Java\NewWorkSpace_HP\lambdaFunction"/>
    <property name="os.arch" value="amd64"/>
    <property name="java.vm.specification.name" value="Java Virtual Machine Specification"/>
    <property name="sun.os.patch.level" value=""/>
    <property name="java.library.path" value="C:\Users\Gagan Shrivastava\.p2\pool\plugins\org.eclipse.justj.openjdk.hotspot.jre.full.win32.x86_64_14.0.2.v20200815-0932\jre\bin;C:\windows\Sun\Java\bin;C:\windows\system32;C:\windows;C:/Users/Gagan Shrivastava/.p2/pool/plugins/org.eclipse.justj.openjdk.hotspot.jre.full.win32.x86_64_15.0.1.v20201027-0507/jre/bin/server;C:/Users/Gagan Shrivastava/.p2/pool/plugins/org.eclipse.justj.openjdk.hotspot.jre.full.win32.x86_64_15.0.1.v20201027-0507/jre/bin;C:\oraclexe\app\oracle\product\11.2.0\server\bin;C:\windows\system32;C:\windows;C:\windows\System32\Wbem;C:\windows\System32\WindowsPowerShell\v1.0\;C:\windows\System32\OpenSSH\;C:\Program Files (x86)\NVIDIA Corporation\PhysX\Common;C:\Program Files\NVIDIA Corporation\NVIDIA NvDLISR;G:\Tutorials Notes\Java\SpringBoot\apache-maven-3.5.2-bin\apache-maven-3.5.2\bin;G:\Tutorials Notes\Java\SpringBoot\spring-boot-cli-2.1.8.RELEASE-bin\spring-2.1.8.RELEASE\bin;C:\Program Files\Java\jdk1.8.0_111\bin;C:\Program Files\nodejs\;C:\ProgramData\chocolatey\bin;C:\Program Files\Git\cmd;C:\Program Files\MongoDB\Server\4.2\bin;C:\Program Files\Amazon\AWSCLIV2\;C:\Program Files\PuTTY\;C:\Python\Python37\Scripts\;C:\Python\Python37\;C:\Program Files\MySQL\MySQL Shell 8.0\bin\;C:\Users\Gagan Shrivastava\AppData\Local\Microsoft\WindowsApps;C:\Users\Gagan Shrivastava\AppData\Local\atom\bin;C:\Users\Gagan Shrivastava\AppData\Roaming\npm;C:\Program Files\heroku\bin;C:\Users\Gagan Shrivastava\AppData\Local\GitHubDesktop\bin;C:\Users\Gagan Shrivastava\AppData\Local\Programs\Microsoft VS Code\bin;C:\Users\Gagan Shrivastava\OneDrive\Desktop;;."/>
    <property name="java.vm.info" value="mixed mode"/>
    <property name="java.vendor" value="Oracle Corporation"/>
    <property name="java.vm.version" value="14.0.2+12-46"/>
    <property name="sun.io.unicode.encoding" value="UnicodeLittle"/>
    <property name="java.class.version" value="58.0"/>
  </properties>
  <testcase name="shouldAnswerWithTrue" classname="in.jvahome.lambdaFunction.AppTest" time="0.022"/>
</testsuite>